# JRE version: 7.0_25-b17
# Java VM: Java HotSpot(TM) Client VM (23.25-b01 mixed mode windows-x86 )
Heap
 def new generation   total 10304K, used 212K [0x03b40000, 0x04660000, 0x09090000)
  eden space 9216K,   2% used [0x03b40000, 0x03b73500, 0x04440000)
  from space 1088K,   0% used [0x04550000, 0x04551be8, 0x04660000)
  to   space 1088K,   0% used [0x04440000, 0x04440000, 0x04550000)
 tenured generation   total 22684K, used 17981K [0x09090000, 0x0a6b7000, 0x13b40000)
   the space 22684K,  79% used [0x09090000, 0x0a21f4f8, 0x0a21f600, 0x0a6b7000)
 compacting perm gen  total 65536K, used 14305K [0x13b40000, 0x17b40000, 0x23b40000)
   the space 65536K,  21% used [0x13b40000, 0x149385b8, 0x14938600, 0x17b40000)
GC Heap History (10 events):
Event: 6672.960 GC heap before
{Heap before GC invocations=82303 (full 3):
 def new generation   total 10304K, used 9223K [0x03b40000, 0x04660000, 0x09090000)
  eden space 9216K, 100% used [0x03b40000, 0x04440000, 0x04440000)
  from space 1088K,   0% used [0x04440000, 0x04441c50, 0x04550000)
  to   space 1088K,   0% used [0x04550000, 0x04550000, 0x04660000)
 tenured generation   total 22684K, used 17980K [0x09090000, 0x0a6b7000, 0x13b40000)
   the space 22684K,  79% used [0x09090000, 0x0a21f3a8, 0x0a21f400, 0x0a6b7000)
 compacting perm gen  total 65536K, used 14305K [0x13b40000, 0x17b40000, 0x23b40000)
   the space 65536K,  21% used [0x13b40000, 0x149385b8, 0x14938600, 0x17b40000)
No shared spaces configured.
Event: 6672.961 GC heap after
Heap after GC invocations=82304 (full 3):
 def new generation   total 10304K, used 5K [0x03b40000, 0x04660000, 0x09090000)
  eden space 9216K,   0% used [0x03b40000, 0x03b40000, 0x04440000)
  from space 1088K,   0% used [0x04550000, 0x045515d8, 0x04660000)
  to   space 1088K,   0% used [0x04440000, 0x04440000, 0x04550000)
 tenured generation   total 22684K, used 17980K [0x09090000, 0x0a6b7000, 0x13b40000)
   the space 22684K,  79% used [0x09090000, 0x0a21f3f8, 0x0a21f400, 0x0a6b7000)
 compacting perm gen  total 65536K, used 14305K [0x13b40000, 0x17b40000, 0x23b40000)
   the space 65536K,  21% used [0x13b40000, 0x149385b8, 0x14938600, 0x17b40000)
No shared spaces configured.
}
Event: 6673.317 GC heap before
{Heap before GC invocations=82304 (full 3):
 def new generation   total 10304K, used 9221K [0x03b40000, 0x04660000, 0x09090000)
  eden space 9216K, 100% used [0x03b40000, 0x04440000, 0x04440000)
  from space 1088K,   0% used [0x04550000, 0x045515d8, 0x04660000)
  to   space 1088K,   0% used [0x04440000, 0x04440000, 0x04550000)
 tenured generation   total 22684K, used 17980K [0x09090000, 0x0a6b7000, 0x13b40000)
   the space 22684K,  79% used [0x09090000, 0x0a21f3f8, 0x0a21f400, 0x0a6b7000)
 compacting perm gen  total 65536K, used 14305K [0x13b40000, 0x17b40000, 0x23b40000)
   the space 65536K,  21% used [0x13b40000, 0x149385b8, 0x14938600, 0x17b40000)
No shared spaces configured.
Event: 6673.318 GC heap after
Heap after GC invocations=82305 (full 3):
 def new generation   total 10304K, used 6K [0x03b40000, 0x04660000, 0x09090000)
  eden space 9216K,   0% used [0x03b40000, 0x03b40000, 0x04440000)
  from space 1088K,   0% used [0x04440000, 0x04441980, 0x04550000)
  to   space 1088K,   0% used [0x04550000, 0x04550000, 0x04660000)
 tenured generation   total 22684K, used 17980K [0x09090000, 0x0a6b7000, 0x13b40000)
   the space 22684K,  79% used [0x09090000, 0x0a21f3f8, 0x0a21f400, 0x0a6b7000)
 compacting perm gen  total 65536K, used 14305K [0x13b40000, 0x17b40000, 0x23b40000)
   the space 65536K,  21% used [0x13b40000, 0x149385b8, 0x14938600, 0x17b40000)
No shared spaces configured.
}
Event: 6673.667 GC heap before
{Heap before GC invocations=82305 (full 3):
 def new generation   total 10304K, used 9222K [0x03b40000, 0x04660000, 0x09090000)
  eden space 9216K, 100% used [0x03b40000, 0x04440000, 0x04440000)
  from space 1088K,   0% used [0x04440000, 0x04441980, 0x04550000)
  to   space 1088K,   0% used [0x04550000, 0x04550000, 0x04660000)
 tenured generation   total 22684K, used 17980K [0x09090000, 0x0a6b7000, 0x13b40000)
   the space 22684K,  79% used [0x09090000, 0x0a21f3f8, 0x0a21f400, 0x0a6b7000)
 compacting perm gen  total 65536K, used 14305K [0x13b40000, 0x17b40000, 0x23b40000)
   the space 65536K,  21% used [0x13b40000, 0x149385b8, 0x14938600, 0x17b40000)
No shared spaces configured.
Event: 6673.668 GC heap after
Heap after GC invocations=82306 (full 3):
 def new generation   total 10304K, used 6K [0x03b40000, 0x04660000, 0x09090000)
  eden space 9216K,   0% used [0x03b40000, 0x03b40000, 0x04440000)
  from space 1088K,   0% used [0x04550000, 0x045519e8, 0x04660000)
  to   space 1088K,   0% used [0x04440000, 0x04440000, 0x04550000)
 tenured generation   total 22684K, used 17981K [0x09090000, 0x0a6b7000, 0x13b40000)
   the space 22684K,  79% used [0x09090000, 0x0a21f4a8, 0x0a21f600, 0x0a6b7000)
 compacting perm gen  total 65536K, used 14305K [0x13b40000, 0x17b40000, 0x23b40000)
   the space 65536K,  21% used [0x13b40000, 0x149385b8, 0x14938600, 0x17b40000)
No shared spaces configured.
}
Event: 6674.081 GC heap before
{Heap before GC invocations=82306 (full 3):
 def new generation   total 10304K, used 9222K [0x03b40000, 0x04660000, 0x09090000)
  eden space 9216K, 100% used [0x03b40000, 0x04440000, 0x04440000)
  from space 1088K,   0% used [0x04550000, 0x045519e8, 0x04660000)
  to   space 1088K,   0% used [0x04440000, 0x04440000, 0x04550000)
 tenured generation   total 22684K, used 17981K [0x09090000, 0x0a6b7000, 0x13b40000)
   the space 22684K,  79% used [0x09090000, 0x0a21f4a8, 0x0a21f600, 0x0a6b7000)
 compacting perm gen  total 65536K, used 14305K [0x13b40000, 0x17b40000, 0x23b40000)
   the space 65536K,  21% used [0x13b40000, 0x149385b8, 0x14938600, 0x17b40000)
No shared spaces configured.
Event: 6674.082 GC heap after
Heap after GC invocations=82307 (full 3):
 def new generation   total 10304K, used 6K [0x03b40000, 0x04660000, 0x09090000)
  eden space 9216K,   0% used [0x03b40000, 0x03b40000, 0x04440000)
  from space 1088K,   0% used [0x04440000, 0x04441a60, 0x04550000)
  to   space 1088K,   0% used [0x04550000, 0x04550000, 0x04660000)
 tenured generation   total 22684K, used 17981K [0x09090000, 0x0a6b7000, 0x13b40000)
   the space 22684K,  79% used [0x09090000, 0x0a21f4f8, 0x0a21f600, 0x0a6b7000)
 compacting perm gen  total 65536K, used 14305K [0x13b40000, 0x17b40000, 0x23b40000)
   the space 65536K,  21% used [0x13b40000, 0x149385b8, 0x14938600, 0x17b40000)
No shared spaces configured.
}
Event: 6674.505 GC heap before
{Heap before GC invocations=82307 (full 3):
 def new generation   total 10304K, used 9222K [0x03b40000, 0x04660000, 0x09090000)
  eden space 9216K, 100% used [0x03b40000, 0x04440000, 0x04440000)
  from space 1088K,   0% used [0x04440000, 0x04441a60, 0x04550000)
  to   space 1088K,   0% used [0x04550000, 0x04550000, 0x04660000)
 tenured generation   total 22684K, used 17981K [0x09090000, 0x0a6b7000, 0x13b40000)
   the space 22684K,  79% used [0x09090000, 0x0a21f4f8, 0x0a21f600, 0x0a6b7000)
 compacting perm gen  total 65536K, used 14305K [0x13b40000, 0x17b40000, 0x23b40000)
   the space 65536K,  21% used [0x13b40000, 0x149385b8, 0x14938600, 0x17b40000)
No shared spaces configured.
Event: 6674.506 GC heap after
Heap after GC invocations=82308 (full 3):
 def new generation   total 10304K, used 6K [0x03b40000, 0x04660000, 0x09090000)
  eden space 9216K,   0% used [0x03b40000, 0x03b40000, 0x04440000)
  from space 1088K,   0% used [0x04550000, 0x04551be8, 0x04660000)
  to   space 1088K,   0% used [0x04440000, 0x04440000, 0x04550000)
 tenured generation   total 22684K, used 17981K [0x09090000, 0x0a6b7000, 0x13b40000)
   the space 22684K,  79% used [0x09090000, 0x0a21f4f8, 0x0a21f600, 0x0a6b7000)
 compacting perm gen  total 65536K, used 14305K [0x13b40000, 0x17b40000, 0x23b40000)
   the space 65536K,  21% used [0x13b40000, 0x149385b8, 0x14938600, 0x17b40000)
No shared spaces configured.
}

